00:54:09:973hello log4j
00:54:09:976log4j init finished
00:54:09:976加载数据文件
00:54:09:977加载资源文件
00:54:09:977start window
02:03:49:856hello log4j
02:03:49:876log4j init finished
02:03:49:876加载数据文件
02:03:49:877加载资源文件
02:03:49:877start window
02:03:50:430初始化主窗体
02:03:50:434构造菜单面板单例.
02:03:50:803窗口打开后
02:03:50:976激活窗口
02:03:53:752生成第1个food
02:03:53:753进行面板切换
02:03:53:754给game-panel添加按键响应
02:03:54:354I am going...
02:03:54:356蛇长度：3头位置：7,6食物位置：MyPoint{x=0, y=0}总分:0
02:03:54:958I am going...
02:03:54:959蛇长度：3头位置：6,6食物位置：MyPoint{x=0, y=0}总分:0
02:03:55:564I am going...
02:03:55:566蛇长度：3头位置：5,6食物位置：MyPoint{x=0, y=0}总分:0
02:03:56:167I am going...
02:03:56:168蛇长度：3头位置：4,6食物位置：MyPoint{x=0, y=0}总分:0
02:03:56:769I am going...
02:03:56:771蛇长度：3头位置：3,6食物位置：MyPoint{x=0, y=0}总分:0
02:03:57:372I am going...
02:03:57:373蛇长度：3头位置：2,6食物位置：MyPoint{x=0, y=0}总分:0
02:03:57:975I am going...
02:03:57:975蛇长度：3头位置：1,6食物位置：MyPoint{x=0, y=0}总分:0
02:03:58:576I am going...
02:03:58:577蛇长度：3头位置：0,6食物位置：MyPoint{x=0, y=0}总分:0
02:03:58:928game按键：38
02:03:58:929蛇向上
02:03:59:179I am going...
02:03:59:180蛇长度：3头位置：0,5食物位置：MyPoint{x=0, y=0}总分:0
02:03:59:781I am going...
02:03:59:782蛇长度：3头位置：0,4食物位置：MyPoint{x=0, y=0}总分:0
02:04:00:383I am going...
02:04:00:384蛇长度：3头位置：0,3食物位置：MyPoint{x=0, y=0}总分:0
02:04:00:985I am going...
02:04:00:986蛇长度：3头位置：0,2食物位置：MyPoint{x=0, y=0}总分:0
02:04:01:587I am going...
02:04:01:588蛇长度：3头位置：0,1食物位置：MyPoint{x=0, y=0}总分:0
02:04:02:189I am going...
02:04:02:190吃到食物。
02:04:02:192重置food:1
02:04:02:193蛇长度：4头位置：0,0食物位置：MyPoint{x=10, y=1}总分:1
02:04:02:380game按键：39
02:04:02:380蛇向右
02:04:02:794I am going...
02:04:02:796蛇长度：4头位置：1,0食物位置：MyPoint{x=10, y=1}总分:1
02:04:03:397I am going...
02:04:03:398蛇长度：4头位置：2,0食物位置：MyPoint{x=10, y=1}总分:1
02:04:03:999I am going...
02:04:04:000蛇长度：4头位置：3,0食物位置：MyPoint{x=10, y=1}总分:1
02:04:04:601I am going...
02:04:04:602蛇长度：4头位置：4,0食物位置：MyPoint{x=10, y=1}总分:1
02:04:05:203I am going...
02:04:05:205蛇长度：4头位置：5,0食物位置：MyPoint{x=10, y=1}总分:1
02:04:05:806I am going...
02:04:05:808蛇长度：4头位置：6,0食物位置：MyPoint{x=10, y=1}总分:1
02:04:06:409I am going...
02:04:06:410蛇长度：4头位置：7,0食物位置：MyPoint{x=10, y=1}总分:1
02:04:07:012I am going...
02:04:07:012蛇长度：4头位置：8,0食物位置：MyPoint{x=10, y=1}总分:1
02:04:07:613I am going...
02:04:07:614蛇长度：4头位置：9,0食物位置：MyPoint{x=10, y=1}总分:1
02:04:08:215I am going...
02:04:08:216蛇长度：4头位置：10,0食物位置：MyPoint{x=10, y=1}总分:1
02:04:08:380game按键：40
02:04:08:381蛇向下
02:04:08:817I am going...
02:04:08:819吃到食物。
02:04:08:819重置food:2
02:04:08:820蛇长度：5头位置：10,1食物位置：MyPoint{x=15, y=2}总分:3
02:04:09:421I am going...
02:04:09:423蛇长度：5头位置：10,2食物位置：MyPoint{x=15, y=2}总分:3
02:04:10:013game按键：39
02:04:10:014蛇向右
02:04:10:024I am going...
02:04:10:026蛇长度：5头位置：11,2食物位置：MyPoint{x=15, y=2}总分:3
02:04:10:627I am going...
02:04:10:628蛇长度：5头位置：12,2食物位置：MyPoint{x=15, y=2}总分:3
02:04:11:229I am going...
02:04:11:230蛇长度：5头位置：13,2食物位置：MyPoint{x=15, y=2}总分:3
02:04:11:831I am going...
02:04:11:833蛇长度：5头位置：14,2食物位置：MyPoint{x=15, y=2}总分:3
02:04:12:434I am going...
02:04:12:436吃到食物。
02:04:12:437重置food:3
02:04:12:437蛇长度：6头位置：15,2食物位置：MyPoint{x=13, y=5}总分:5
02:04:13:038I am going...
02:04:13:262窗口失去焦点
02:04:14:941激活窗口
02:04:14:970蛇长度：6头位置：15,2食物位置：MyPoint{x=13, y=5}总分:5
02:04:14:971行走发生异常：sleep interrupted
02:04:14:972挂起move线程
02:04:18:979窗口正关闭
